Initialized native services in: /home/mael/.gradle/native
Removing 0 daemon stop events from registry
Starting a Gradle Daemon (subsequent builds will be faster)
Starting process 'Gradle build daemon'. Working directory: /home/mael/.gradle/daemon/4.10.2 Command: /usr/lib/jvm/java-8-openjdk-amd64/bin/java -XX:+HeapDumpOnOutOfMemoryError -Xmx1024m -Dfile.encoding=UTF-8 -Duser.country=US -Duser.language=en -Duser.variant -cp /home/mael/.gradle/wrapper/dists/gradle-4.10.2-bin/cghg6c4gf4vkiutgsab8yrnwv/gradle-4.10.2/lib/gradle-launcher-4.10.2.jar org.gradle.launcher.daemon.bootstrap.GradleDaemon 4.10.2
Successfully started process 'Gradle build daemon'
An attempt to start the daemon took 0.63 secs.
The client will now receive all logging from the daemon (pid: 11400). The daemon log file: /home/mael/.gradle/daemon/4.10.2/daemon-11400.out.log
Starting build in new daemon [memory: 954.7 MB]
Using 8 worker leases.
Starting Build
Settings evaluated using settings file '/media/mael/stamp/wp3/evocrash-usecases-output/Activeeon/Botsing/v1.0.7/catalog/settings.gradle'.
Projects loaded. Root project using build file '/media/mael/stamp/wp3/evocrash-usecases-output/Activeeon/Botsing/v1.0.7/catalog/build.gradle'.
Included projects: [root project 'catalog']

> Configure project :
Evaluating root project 'catalog' using build file '/media/mael/stamp/wp3/evocrash-usecases-output/Activeeon/Botsing/v1.0.7/catalog/build.gradle'.
All projects evaluated.
Selected primary task 'botsing' from project :
Tasks to be executed: [task ':botsing']
:botsing (Thread[Task worker for ':' Thread 7,5,main]) started.
11:29:37.690 [main] INFO  eu.stamp.botsing.StackTrace - Exception type is detected: 2019-10-15 17
11:29:37.692 [main] WARN  eu.stamp.botsing.StackTrace - Missing line in frame 3
11:29:37.693 [main] WARN  eu.stamp.botsing.StackTrace - Missing line in frame 12
11:29:37.694 [main] WARN  eu.stamp.botsing.StackTrace - Missing line in frame 16
11:29:37.695 [main] INFO  eu.stamp.botsing.StackTrace - Target frame is set to: org.ow2.proactive.catalog.service.BucketService$$FastClassBySpringCGLIB$$75334e54.invoke(BucketService$$FastClassBySpringCGLIB$$75334e54)
11:29:37.695 [main] INFO  eu.stamp.botsing.StackTrace - Target Class is set to: org.ow2.proactive.catalog.service.BucketService$$FastClassBySpringCGLIB$$75334e54
java.lang.ClassNotFoundException: Class 'org/ow2/proactive/catalog/service/BucketService$$FastClassBySpringCGLIB$$75334e54.class' should be in target project, but could not be found!
	at org.evosuite.instrumentation.InstrumentingClassLoader.instrumentClass(InstrumentingClassLoader.java:203)
	at org.evosuite.instrumentation.InstrumentingClassLoader.loadClass(InstrumentingClassLoader.java:168)
	at sun.reflect.NativeMethodAccessorImpl.invoke0(Native Method)
	at sun.reflect.NativeMethodAccessorImpl.invoke(NativeMethodAccessorImpl.java:62)
	at sun.reflect.DelegatingMethodAccessorImpl.invoke(DelegatingMethodAccessorImpl.java:43)
	at java.lang.reflect.Method.invoke(Method.java:498)
	at org.evosuite.testcase.statements.MethodStatement$1.execute(MethodStatement.java:257)
	at org.evosuite.testcase.statements.AbstractStatement.exceptionHandler(AbstractStatement.java:169)
	at org.evosuite.testcase.statements.MethodStatement.execute(MethodStatement.java:220)
	at org.evosuite.testcase.execution.TestRunnable.executeStatements(TestRunnable.java:307)
	at org.evosuite.testcase.execution.TestRunnable.call(TestRunnable.java:213)
	at org.evosuite.testcase.execution.TestRunnable.call(TestRunnable.java:55)
	at java.util.concurrent.FutureTask.run(FutureTask.java:266)
	at java.util.concurrent.ThreadPoolExecutor.runWorker(ThreadPoolExecutor.java:1149)
	at java.util.concurrent.ThreadPoolExecutor$Worker.run(ThreadPoolExecutor.java:624)
	at java.lang.Thread.run(Thread.java:748)
Caused by: java.lang.ClassNotFoundException: Class 'org/ow2/proactive/catalog/service/BucketService$$FastClassBySpringCGLIB$$75334e54.class' should be in target project, but could not be found!
	at org.evosuite.instrumentation.InstrumentingClassLoader.instrumentClass(InstrumentingClassLoader.java:190)
	... 15 more
11:29:37.991 [main] INFO  e.s.b.reproduction.CrashReproduction - Starting the dependency analysis. The number of detected jar files is 106.

> Task :botsing
Task ':botsing' is not up-to-date because:
  Task has not declared any outputs despite executing actions.
The following parameters will be used: 
- logPath: /home/mael/stamp/wp3/evocrash-usecases-output/Activeeon/Botsing/v1.0.7/catalog/exceptions/bucketNotFoundException/BucketNotFoundException.log
- targetFrame: 3
- output: .
- searchBudget: 60
- botsingVersion: 1.0.7
- mavenArtifacts: [
	org.ow2.proactive:catalog:8.3.5]
Running Botsing with target frame=3.

11:29:40.309 [main] ERROR e.s.b.reproduction.CrashReproduction - Error in target initialization:
java.lang.ClassNotFoundException: Target class not found in inheritance tree
	at org.evosuite.setup.DependencyAnalysis.analyze(DependencyAnalysis.java:87)
	at org.evosuite.setup.DependencyAnalysis.analyzeClass(DependencyAnalysis.java:132)
	at eu.stamp.botsing.reproduction.CrashReproduction.initializeTargetClass(CrashReproduction.java:206)
	at eu.stamp.botsing.reproduction.CrashReproduction.generateCrashReproductionTests(CrashReproduction.java:101)
	at eu.stamp.botsing.reproduction.CrashReproduction.execute(CrashReproduction.java:72)
	at eu.stamp.botsing.Botsing.parseCommandLine(Botsing.java:91)
	at eu.stamp.botsing.Botsing.main(Botsing.java:213)
:botsing (Thread[Task worker for ':' Thread 7,5,main]) completed. Took 3.162 secs.

BUILD SUCCESSFUL in 5s
1 actionable task: 1 executed
