Initialized native services in: /home/mael/.gradle/native
The client will now receive all logging from the daemon (pid: 10826). The daemon log file: /home/mael/.gradle/daemon/4.10.2/daemon-10826.out.log
Starting 2nd build in daemon [uptime: 33.09 secs, performance: 97%]
Using 8 worker leases.
Starting Build
Settings evaluated using settings file '/media/mael/stamp/wp3/evocrash-usecases-output/Activeeon/Botsing/v1.0.7/catalog/settings.gradle'.
Projects loaded. Root project using build file '/media/mael/stamp/wp3/evocrash-usecases-output/Activeeon/Botsing/v1.0.7/catalog/build.gradle'.
Included projects: [root project 'catalog']

> Configure project :
Evaluating root project 'catalog' using build file '/media/mael/stamp/wp3/evocrash-usecases-output/Activeeon/Botsing/v1.0.7/catalog/build.gradle'.
Compiling build file '/media/mael/stamp/wp3/evocrash-usecases-output/Activeeon/Botsing/v1.0.7/catalog/build.gradle' using SubsetScriptTransformer.
Compiling build file '/media/mael/stamp/wp3/evocrash-usecases-output/Activeeon/Botsing/v1.0.7/catalog/build.gradle' using BuildScriptTransformer.
All projects evaluated.
Selected primary task 'botsing' from project :
Tasks to be executed: [task ':botsing']
:botsing (Thread[Task worker for ':',5,main]) started.
11:16:08.395 [main] INFO  eu.stamp.botsing.StackTrace - Exception type is detected: 2019-10-15 17
11:16:08.398 [main] WARN  eu.stamp.botsing.StackTrace - Missing line in frame 3
11:16:08.399 [main] WARN  eu.stamp.botsing.StackTrace - Missing line in frame 12
11:16:08.400 [main] WARN  eu.stamp.botsing.StackTrace - Missing line in frame 16
11:16:08.401 [main] INFO  eu.stamp.botsing.StackTrace - Target frame is set to: org.ow2.proactive.catalog.rest.controller.BucketController.getMetadata(BucketController:107)
11:16:08.401 [main] INFO  eu.stamp.botsing.StackTrace - Target Class is set to: org.ow2.proactive.catalog.rest.controller.BucketController
java.lang.NoClassDefFoundError: org/springframework/dao/DataIntegrityViolationException
	at java.lang.Class.forName0(Native Method)
	at java.lang.Class.forName(Class.java:348)
	at sun.reflect.NativeMethodAccessorImpl.invoke0(Native Method)
	at sun.reflect.NativeMethodAccessorImpl.invoke(NativeMethodAccessorImpl.java:62)
	at sun.reflect.DelegatingMethodAccessorImpl.invoke(DelegatingMethodAccessorImpl.java:43)
	at java.lang.reflect.Method.invoke(Method.java:498)
	at org.evosuite.testcase.statements.MethodStatement$1.execute(MethodStatement.java:257)
	at org.evosuite.testcase.statements.AbstractStatement.exceptionHandler(AbstractStatement.java:169)
	at org.evosuite.testcase.statements.MethodStatement.execute(MethodStatement.java:220)
	at org.evosuite.testcase.execution.TestRunnable.executeStatements(TestRunnable.java:307)
	at org.evosuite.testcase.execution.TestRunnable.call(TestRunnable.java:213)
	at org.evosuite.testcase.execution.TestRunnable.call(TestRunnable.java:55)
	at java.util.concurrent.FutureTask.run(FutureTask.java:266)
	at java.util.concurrent.ThreadPoolExecutor.runWorker(ThreadPoolExecutor.java:1149)
	at java.util.concurrent.ThreadPoolExecutor$Worker.run(ThreadPoolExecutor.java:624)
	at java.lang.Thread.run(Thread.java:748)
Caused by: java.lang.ClassNotFoundException: org/springframework/dao/NonTransientDataAccessException
	at org.evosuite.instrumentation.InstrumentingClassLoader.instrumentClass(InstrumentingClassLoader.java:203)
	at org.evosuite.instrumentation.InstrumentingClassLoader.loadClass(InstrumentingClassLoader.java:168)
	... 16 more
Caused by: java.lang.NoClassDefFoundError: org/springframework/dao/NonTransientDataAccessException
	at java.lang.ClassLoader.defineClass1(Native Method)
	at java.lang.ClassLoader.defineClass(ClassLoader.java:763)
	at java.lang.ClassLoader.defineClass(ClassLoader.java:642)
	at org.evosuite.instrumentation.InstrumentingClassLoader.instrumentClass(InstrumentingClassLoader.java:196)
	... 17 more
Caused by: java.lang.ClassNotFoundException: org/springframework/dao/DataAccessException
	at org.evosuite.instrumentation.InstrumentingClassLoader.instrumentClass(InstrumentingClassLoader.java:203)
	at org.evosuite.instrumentation.InstrumentingClassLoader.loadClass(InstrumentingClassLoader.java:168)
	... 21 more
Caused by: java.lang.NoClassDefFoundError: org/springframework/dao/DataAccessException
	at java.lang.ClassLoader.defineClass1(Native Method)
	at java.lang.ClassLoader.defineClass(ClassLoader.java:763)
	at java.lang.ClassLoader.defineClass(ClassLoader.java:642)
	at org.evosuite.instrumentation.InstrumentingClassLoader.instrumentClass(InstrumentingClassLoader.java:196)
	... 22 more
Caused by: java.lang.ClassNotFoundException: org/springframework/core/NestedRuntimeException
	at org.evosuite.instrumentation.InstrumentingClassLoader.instrumentClass(InstrumentingClassLoader.java:203)
	at org.evosuite.instrumentation.InstrumentingClassLoader.loadClass(InstrumentingClassLoader.java:168)
	... 26 more
Caused by: java.lang.NoClassDefFoundError: org/springframework/core/NestedRuntimeException
	at java.lang.ClassLoader.defineClass1(Native Method)
	at java.lang.ClassLoader.defineClass(ClassLoader.java:763)
	at java.lang.ClassLoader.defineClass(ClassLoader.java:642)
	at org.evosuite.instrumentation.InstrumentingClassLoader.instrumentClass(InstrumentingClassLoader.java:196)
	... 27 more
Caused by: java.lang.ClassNotFoundException: Class 'org/springframework/core/NestedRuntimeException.class' should be in target project, but could not be found!
	at org.evosuite.instrumentation.InstrumentingClassLoader.instrumentClass(InstrumentingClassLoader.java:203)
	at org.evosuite.instrumentation.InstrumentingClassLoader.loadClass(InstrumentingClassLoader.java:168)
	... 31 more
Caused by: java.lang.ClassNotFoundException: Class 'org/springframework/core/NestedRuntimeException.class' should be in target project, but could not be found!
	at org.evosuite.instrumentation.InstrumentingClassLoader.instrumentClass(InstrumentingClassLoader.java:190)
	... 32 more
11:16:08.894 [main] INFO  e.s.b.reproduction.CrashReproduction - Starting the dependency analysis. The number of detected jar files is 89.

> Task :botsing
Task ':botsing' is not up-to-date because:
  Task has not declared any outputs despite executing actions.
The following parameters will be used: 
- logPath: /home/mael/stamp/wp3/evocrash-usecases-output/Activeeon/Botsing/v1.0.7/catalog/exceptions/bucketNotFoundException/BucketNotFoundException.log
- targetFrame: 15
- output: .
- searchBudget: 60
- botsingVersion: 1.0.7
- localArtifacts: [
	/home/mael/activeeon/catalog/build/libs/catalog-8.3.4.jar,
	/home/mael/Downloads/tmp/WEB-INF/lib/antlr-2.7.7.jar,
	/home/mael/Downloads/tmp/WEB-INF/lib/antlr4-4.5.2.jar,
	/home/mael/Downloads/tmp/WEB-INF/lib/antlr4-runtime-4.5.1.jar,
	/home/mael/Downloads/tmp/WEB-INF/lib/aopalliance-1.0.jar,
	/home/mael/Downloads/tmp/WEB-INF/lib/aspectjweaver-1.8.9.jar,
	/home/mael/Downloads/tmp/WEB-INF/lib/boxable-1.5.jar,
	/home/mael/Downloads/tmp/WEB-INF/lib/bridge-method-annotation-1.13.jar,
	/home/mael/Downloads/tmp/WEB-INF/lib/caffeine-2.5.2.jar,
	/home/mael/Downloads/tmp/WEB-INF/lib/classmate-1.3.1.jar,
	/home/mael/Downloads/tmp/WEB-INF/lib/commons-csv-1.2.jar,
	/home/mael/Downloads/tmp/WEB-INF/lib/commons-fileupload-1.3.1.jar,
	/home/mael/Downloads/tmp/WEB-INF/lib/commons-lang3-3.5.jar,
	/home/mael/Downloads/tmp/WEB-INF/lib/dom4j-1.6.1.jar,
	/home/mael/Downloads/tmp/WEB-INF/lib/fontbox-2.0.0.jar,
	/home/mael/Downloads/tmp/WEB-INF/lib/geronimo-jta_1.1_spec-1.1.1.jar,
	/home/mael/Downloads/tmp/WEB-INF/lib/graphql-java-3.0.0.jar,
	/home/mael/Downloads/tmp/WEB-INF/lib/hibernate-commons-annotations-5.0.1.Final.jar,
	/home/mael/Downloads/tmp/WEB-INF/lib/hibernate-core-5.1.0.Final.jar,
	/home/mael/Downloads/tmp/WEB-INF/lib/hibernate-entitymanager-5.1.0.Final.jar,
	/home/mael/Downloads/tmp/WEB-INF/lib/hibernate-jpa-2.1-api-1.0.0.Final.jar,
	/home/mael/Downloads/tmp/WEB-INF/lib/jackson-annotations-2.7.9.jar,
	/home/mael/Downloads/tmp/WEB-INF/lib/jackson-core-2.7.9.jar,
	/home/mael/Downloads/tmp/WEB-INF/lib/jackson-databind-2.7.9.jar,
	/home/mael/Downloads/tmp/WEB-INF/lib/jackson-dataformat-cbor-2.7.9.jar,
	/home/mael/Downloads/tmp/WEB-INF/lib/jackson-datatype-jdk8-2.7.9.jar,
	/home/mael/Downloads/tmp/WEB-INF/lib/jackson-datatype-joda-2.7.9.jar,
	/home/mael/Downloads/tmp/WEB-INF/lib/jackson-datatype-jsr310-2.7.9.jar,
	/home/mael/Downloads/tmp/WEB-INF/lib/jackson-jaxrs-base-2.7.9.jar,
	/home/mael/Downloads/tmp/WEB-INF/lib/jackson-jaxrs-json-provider-2.7.9.jar,
	/home/mael/Downloads/tmp/WEB-INF/lib/jackson-module-jaxb-annotations-2.7.9.jar,
	/home/mael/Downloads/tmp/WEB-INF/lib/jandex-2.0.0.Final.jar,
	/home/mael/Downloads/tmp/WEB-INF/lib/javassist-3.18.1-GA.jar,
	/home/mael/Downloads/tmp/WEB-INF/lib/javax.transaction-api-1.2.jar,
	/home/mael/Downloads/tmp/WEB-INF/lib/jcl-over-slf4j-1.7.21.jar,
	/home/mael/Downloads/tmp/WEB-INF/lib/jetty-continuation-9.2.16.v20160414.jar,
	/home/mael/Downloads/tmp/WEB-INF/lib/jetty-http-9.2.16.v20160414.jar,
	/home/mael/Downloads/tmp/WEB-INF/lib/jetty-io-9.2.16.v20160414.jar,
	/home/mael/Downloads/tmp/WEB-INF/lib/jetty-servlets-9.2.14.v20151106.jar,
	/home/mael/Downloads/tmp/WEB-INF/lib/jetty-util-9.2.16.v20160414.jar,
	/home/mael/Downloads/tmp/WEB-INF/lib/jsoup-1.9.2.jar,
	/home/mael/Downloads/tmp/WEB-INF/lib/jsr305-1.3.9.jar,
	/home/mael/Downloads/tmp/WEB-INF/lib/jul-to-slf4j-1.7.21.jar,
	/home/mael/Downloads/tmp/WEB-INF/lib/log4j-api-2.4.1.jar,
	/home/mael/Downloads/tmp/WEB-INF/lib/log4j-core-2.4.1.jar,
	/home/mael/Downloads/tmp/WEB-INF/lib/log4j-slf4j-impl-2.4.1.jar,
	/home/mael/Downloads/tmp/WEB-INF/lib/log4j-web-2.7.jar,
	/home/mael/Downloads/tmp/WEB-INF/lib/lombok-1.16.16.jar,
	/home/mael/Downloads/tmp/WEB-INF/lib/mapstruct-1.0.0.Final.jar,
	/home/mael/Downloads/tmp/WEB-INF/lib/mysema-commons-lang-0.2.4.jar,
	/home/mael/Downloads/tmp/WEB-INF/lib/pdfbox-2.0.0.jar,
	/home/mael/Downloads/tmp/WEB-INF/lib/querydsl-core-3.7.1.jar,
	/home/mael/Downloads/tmp/WEB-INF/lib/querydsl-jpa-3.7.1.jar,
	/home/mael/Downloads/tmp/WEB-INF/lib/snakeyaml-1.16.jar,
	/home/mael/Downloads/tmp/WEB-INF/lib/spring-aop-4.2.6.RELEASE.jar,
	/home/mael/Downloads/tmp/WEB-INF/lib/spring-aspects-4.2.6.RELEASE.jar,
	/home/mael/Downloads/tmp/WEB-INF/lib/spring-beans-4.2.6.RELEASE.jar,
	/home/mael/Downloads/tmp/WEB-INF/lib/spring-boot-1.3.5.RELEASE.jar,
	/home/mael/Downloads/tmp/WEB-INF/lib/spring-boot-autoconfigure-1.3.5.RELEASE.jar,
	/home/mael/Downloads/tmp/WEB-INF/lib/spring-boot-starter-1.3.5.RELEASE.jar,
	/home/mael/Downloads/tmp/WEB-INF/lib/spring-boot-starter-aop-1.3.5.RELEASE.jar,
	/home/mael/Downloads/tmp/WEB-INF/lib/spring-boot-starter-data-jpa-1.3.3.RELEASE.jar,
	/home/mael/Downloads/tmp/WEB-INF/lib/spring-boot-starter-jdbc-1.3.5.RELEASE.jar,
	/home/mael/Downloads/tmp/WEB-INF/lib/spring-boot-starter-log4j2-1.3.3.RELEASE.jar,
	/home/mael/Downloads/tmp/WEB-INF/lib/spring-boot-starter-web-1.3.3.RELEASE.jar,
	/home/mael/Downloads/tmp/WEB-INF/lib/spring-context-4.2.6.RELEASE.jar,
	/home/mael/Downloads/tmp/WEB-INF/lib/spring-data-commons-1.11.4.RELEASE.jar,
	/home/mael/Downloads/tmp/WEB-INF/lib/spring-data-jpa-1.9.4.RELEASE.jar,
	/home/mael/Downloads/tmp/WEB-INF/lib/springfox-core-2.6.1.jar,
	/home/mael/Downloads/tmp/WEB-INF/lib/springfox-schema-2.6.1.jar,
	/home/mael/Downloads/tmp/WEB-INF/lib/springfox-spi-2.6.1.jar,
	/home/mael/Downloads/tmp/WEB-INF/lib/springfox-spring-web-2.6.1.jar,
	/home/mael/Downloads/tmp/WEB-INF/lib/springfox-swagger2-2.6.1.jar,
	/home/mael/Downloads/tmp/WEB-INF/lib/springfox-swagger-common-2.6.1.jar,
	/home/mael/Downloads/tmp/WEB-INF/lib/springfox-swagger-ui-2.6.1.jar,
	/home/mael/Downloads/tmp/WEB-INF/lib/spring-hateoas-0.19.0.RELEASE.jar,
	/home/mael/Downloads/tmp/WEB-INF/lib/spring-jdbc-4.2.6.RELEASE.jar,
	/home/mael/Downloads/tmp/WEB-INF/lib/spring-orm-4.2.6.RELEASE.jar,
	/home/mael/Downloads/tmp/WEB-INF/lib/spring-plugin-core-1.2.0.RELEASE.jar,
	/home/mael/Downloads/tmp/WEB-INF/lib/spring-plugin-metadata-1.2.0.RELEASE.jar,
	/home/mael/Downloads/tmp/WEB-INF/lib/spring-tx-4.2.6.RELEASE.jar,
	/home/mael/Downloads/tmp/WEB-INF/lib/spring-web-4.2.5.RELEASE.jar,
	/home/mael/Downloads/tmp/WEB-INF/lib/spring-webmvc-4.2.6.RELEASE.jar,
	/home/mael/Downloads/tmp/WEB-INF/lib/swagger-annotations-1.5.13.jar,
	/home/mael/Downloads/tmp/WEB-INF/lib/swagger-models-1.5.10.jar,
	/home/mael/Downloads/tmp/WEB-INF/lib/tika-core-1.18.jar,
	/home/mael/Downloads/tmp/WEB-INF/lib/tomcat-jdbc-8.0.33.jar,
	/home/mael/Downloads/tmp/WEB-INF/lib/tomcat-juli-8.0.33.jar,
	/home/mael/Downloads/tmp/WEB-INF/lib/zt-zip-1.11.jar]
Running Botsing with target frame=15.

11:16:12.141 [main] INFO  e.s.b.reproduction.CrashReproduction - Analysing dependencies done!
11:16:12.147 [main] INFO  e.s.b.t.s.BotsingIndividualStrategy - test generation strategy: Botsing individual
11:16:12.160 [main] INFO  e.s.b.g.s.GuidedGeneticAlgorithm - Initializing the first population with size of 50 individuals
11:16:19.861 [main] INFO  e.s.b.g.s.GuidedGeneticAlgorithm - Best fitness in the initial population is: 4.5
11:16:19.861 [main] INFO  e.s.b.g.s.GuidedGeneticAlgorithm - Best fitness in the final population is: 4.5. PT: 7 seconds
11:16:19.861 [main] INFO  e.s.b.g.s.GuidedGeneticAlgorithm - Starting evolution
11:16:19.862 [main] WARN  e.s.b.g.s.GuidedGeneticAlgorithm - Botsing was unsuccessful in generating new generation. cause: set of public calls is empty
11:16:19.863 [main] WARN  e.s.b.g.s.GuidedGeneticAlgorithm - Botsing was unsuccessful in generating new generation. cause: set of public calls is empty
11:16:19.863 [main] WARN  e.s.b.g.s.GuidedGeneticAlgorithm - Botsing was unsuccessful in generating new generation. cause: set of public calls is empty
11:16:19.864 [main] WARN  e.s.b.g.s.GuidedGeneticAlgorithm - Botsing was unsuccessful in generating new generation. cause: set of public calls is empty
[...]
11:17:13.156 [main] WARN  e.s.b.g.s.GuidedGeneticAlgorithm - Botsing was unsuccessful in generating new generation. cause: set of public calls is empty
11:17:13.156 [main] WARN  e.s.b.g.s.GuidedGeneticAlgorithm - Botsing was unsuccessful in generating new generation. cause: set of public calls is empty
11:17:13.157 [main] WARN  e.s.b.g.s.GuidedGeneticAlgorithm - Botsing was unsuccessful in generating new generation. cause: set of public calls is empty
11:17:13.157 [main] INFO  e.s.b.g.s.GuidedGeneticAlgorithm - MaxTime :                         61 / 60           Finished!
11:17:13.159 [main] INFO  e.s.b.g.s.GuidedGeneticAlgorithm - Best fitness in the current population: 4.5 | 100
11:17:13.159 [main] INFO  e.s.b.g.s.GuidedGeneticAlgorithm - MaxTime :                         61 / 60           Finished!
11:17:13.159 [main] INFO  e.s.b.g.s.GuidedGeneticAlgorithm - The search process is finished.
11:17:13.159 [main] INFO  e.s.b.g.s.GuidedGeneticAlgorithm - Best fitness in the final population is: 4.5. PT: 7 seconds
11:17:13.159 [main] INFO  e.s.b.t.s.BotsingIndividualStrategy - * The target crash is not covered! The best solution has 4.5 fitness value.
11:17:13.160 [main] INFO  e.s.b.t.s.BotsingIndividualStrategy - The best test is:(non-minimized version:
)
11:17:13.161 [main] INFO  e.s.b.reproduction.CrashReproduction - * Minimizing test suite
11:17:13.163 [main] INFO  e.s.b.reproduction.CrashReproduction - * Compiling and checking tests
11:17:13.167 [main] INFO  e.s.b.reproduction.CrashReproduction - * Writing JUnit test case 'BucketController_ESTest' to .
11:17:13.183 [main] INFO  e.s.b.reproduction.CrashReproduction - The solution test is saved!
:botsing (Thread[Task worker for ':',5,main]) completed. Took 1 mins 5.202 secs.

BUILD SUCCESSFUL in 1m 5s
1 actionable task: 1 executed
